error: insufficient permission for adding an object to repository database .git/objects
error: CENTRA/Parellel Data Entry CENTRA/Production Data_13Feb2025/AP_Payment.xlsx: failed to insert into database
error: unable to index file 'CENTRA/Parellel Data Entry CENTRA/Production Data_13Feb2025/AP_Payment.xlsx'
fatal: updating files failed
On branch master
Your branch is up to date with 'origin/master'.

Changes not staged for commit:
  (use "git add <file>..." to update what will be committed)
  (use "git restore <file>..." to discard changes in working directory)
	modified:   CENTRA/Parellel Data Entry CENTRA/Production Data_13Feb2025/AP_Payment.xlsx
	modified:   CENTRA/Parellel Data Entry CENTRA/Production Data_13Feb2025/Manage Tallysheet Line.xlsx
	modified:   CENTRA/Parellel Data Entry CENTRA/Production Data_13Feb2025/ManageDO_Confirmation MM Shipment .xlsx
	modified:   CENTRA/Parellel Data Entry CENTRA/Production Data_13Feb2025/ManageDO_Confirmation MM Shipment Indirect.xlsx
	modified:   CENTRA/Parellel Data Entry CENTRA/Production Data_13Feb2025/Payment_AR Receipt.xlsx
	modified:   CENTRA/Parellel Data Entry CENTRA/Production Data_13Feb2025/Promotion Invoice header.xlsx
	modified:   CENTRA/Parellel Data Entry CENTRA/Production Data_13Feb2025/Purchase Order.xlsx
	modified:   CENTRA/Parellel Data Entry CENTRA/Production Data_13Feb2025/c_allocationhdr.xlsx
	modified:   CENTRA/Parellel Data Entry CENTRA/Production Data_13Feb2025/c_allocationline.xlsx
	modified:   CENTRA/Parellel Data Entry CENTRA/Production Data_14Feb2025/AP_Payment.xlsx
	modified:   CENTRA/Parellel Data Entry CENTRA/Production Data_14Feb2025/Manage DO MM Shipment .xlsx
	modified:   CENTRA/Parellel Data Entry CENTRA/Production Data_14Feb2025/Manage Tallysheet Line.xlsx
	modified:   CENTRA/Parellel Data Entry CENTRA/Production Data_14Feb2025/ManageDO_Confirmation MM Shipment .xlsx
	modified:   CENTRA/Parellel Data Entry CENTRA/Production Data_14Feb2025/ManageDO_Confirmation MM Shipment Indirect.xlsx
	modified:   CENTRA/Parellel Data Entry CENTRA/Production Data_14Feb2025/c_allocationline.xlsx
	modified:   CENTRA/Parellel Data Entry CENTRA/Production Data_15Feb2025/AP_Payment.xlsx
	modified:   CENTRA/Parellel Data Entry CENTRA/Production Data_15Feb2025/Cash Payment_Cash Receipt.xlsx
	modified:   CENTRA/Parellel Data Entry CENTRA/Production Data_15Feb2025/GL_JOURNAL.xlsx
	modified:   CENTRA/Parellel Data Entry CENTRA/Production Data_15Feb2025/Manage Tallysheet Line.xlsx
	modified:   CENTRA/Parellel Data Entry CENTRA/Production Data_15Feb2025/ManageDO_Confirmation MM Shipment .xlsx
	modified:   CENTRA/Parellel Data Entry CENTRA/Production Data_15Feb2025/Payment_AR Receipt.xlsx
	modified:   CENTRA/Parellel Data Entry CENTRA/Production Data_15Feb2025/Purchase Order Line.xlsx
	modified:   PRVT/pushE.sh
	modified:   PRVT/quotes.log
	modified:   PRVT/quotes_log.txt
	modified:   TIMESHEET/TimeSheet.xlsx

Untracked files:
  (use "git add <file>..." to include in what will be committed)
	PRVT/pushE.log

no changes added to commit (use "git add" and/or "git commit -a")
Everything up-to-date
